<?xml version="1.0" encoding="UTF-8"?>
<!-- Generated by org.testng.reporters.JUnitReportReporter -->
<testsuite hostname="NTP-LAP-868" failures="0" tests="3" name="com.nest.scripts.TestClass" time="10.757" errors="0" timestamp="2022-12-16T03:11:24 IST" skipped="0">
  <testcase classname="com.nest.scripts.TestClass" name="ValidLoginVerification" time="4.445"/>
  <system-out/>
  <testcase classname="com.nest.scripts.TestClass" name="ValidHomeVerification" time="2.711"/>
  <system-out/>
  <testcase classname="com.nest.scripts.TestClass" name="ValidAddEmpVerification" time="3.601"/>
  <system-out/>
</testsuite> <!-- com.nest.scripts.TestClass -->
